============================= test session starts ==============================
platform linux -- Python 3.10.12, pytest-8.0.1, pluggy-1.6.0 -- /usr/bin/python3
cachedir: .pytest_cache
rootdir: /home/camilocf/projects/personal/ai_dev_tools/restricted-diet-cookbook-ai/apps/api
configfile: pyproject.toml
plugins: anyio-4.8.0, cov-7.0.0, asyncio-0.23.5
asyncio: mode=auto
collecting ... collected 1 item

tests/test_auth.py::test_register_and_login FAILED                       [100%]
ERROR: Coverage failure: total of 49 is less than fail-under=70


=================================== FAILURES ===================================
___________________________ test_register_and_login ____________________________

self = <sqlalchemy.engine.base.Connection object at 0x7cdb31fe6ce0>
dialect = <sqlalchemy.dialects.sqlite.aiosqlite.SQLiteDialect_aiosqlite object at 0x7cdb3493ed10>
context = <sqlalchemy.dialects.sqlite.aiosqlite.SQLiteExecutionContext_aiosqlite object at 0x7cdb31fe7b80>
statement = <sqlalchemy.dialects.sqlite.base.SQLiteCompiler object at 0x7cdb3249d8a0>
parameters = [('auth_test_8044e423@example.com',)]

    def _exec_single_context(
        self,
        dialect: Dialect,
        context: ExecutionContext,
        statement: Union[str, Compiled],
        parameters: Optional[_AnyMultiExecuteParams],
    ) -> CursorResult[Any]:
        """continue the _execute_context() method for a single DBAPI
        cursor.execute() or cursor.executemany() call.
    
        """
        if dialect.bind_typing is BindTyping.SETINPUTSIZES:
            generic_setinputsizes = context._prepare_set_input_sizes()
    
            if generic_setinputsizes:
                try:
                    dialect.do_set_input_sizes(
                        context.cursor, generic_setinputsizes, context
                    )
                except BaseException as e:
                    self._handle_dbapi_exception(
                        e, str(statement), parameters, None, context
                    )
    
        cursor, str_statement, parameters = (
            context.cursor,
            context.statement,
            context.parameters,
        )
    
        effective_parameters: Optional[_AnyExecuteParams]
    
        if not context.executemany:
            effective_parameters = parameters[0]
        else:
            effective_parameters = parameters
    
        if self._has_events or self.engine._has_events:
            for fn in self.dispatch.before_cursor_execute:
                str_statement, effective_parameters = fn(
                    self,
                    cursor,
                    str_statement,
                    effective_parameters,
                    context,
                    context.executemany,
                )
    
        if self._echo:
            self._log_info(str_statement)
    
            stats = context._get_cache_stats()
    
            if not self.engine.hide_parameters:
                self._log_info(
                    "[%s] %r",
                    stats,
                    sql_util._repr_params(
                        effective_parameters,
                        batches=10,
                        ismulti=context.executemany,
                    ),
                )
            else:
                self._log_info(
                    "[%s] [SQL parameters hidden due to hide_parameters=True]",
                    stats,
                )
    
        evt_handled: bool = False
        try:
            if context.execute_style is ExecuteStyle.EXECUTEMANY:
                effective_parameters = cast(
                    "_CoreMultiExecuteParams", effective_parameters
                )
                if self.dialect._has_events:
                    for fn in self.dialect.dispatch.do_executemany:
                        if fn(
                            cursor,
                            str_statement,
                            effective_parameters,
                            context,
                        ):
                            evt_handled = True
                            break
                if not evt_handled:
                    self.dialect.do_executemany(
                        cursor,
                        str_statement,
                        effective_parameters,
                        context,
                    )
            elif not effective_parameters and context.no_parameters:
                if self.dialect._has_events:
                    for fn in self.dialect.dispatch.do_execute_no_params:
                        if fn(cursor, str_statement, context):
                            evt_handled = True
                            break
                if not evt_handled:
                    self.dialect.do_execute_no_params(
                        cursor, str_statement, context
                    )
            else:
                effective_parameters = cast(
                    "_CoreSingleExecuteParams", effective_parameters
                )
                if self.dialect._has_events:
                    for fn in self.dialect.dispatch.do_execute:
                        if fn(
                            cursor,
                            str_statement,
                            effective_parameters,
                            context,
                        ):
                            evt_handled = True
                            break
                if not evt_handled:
>                   self.dialect.do_execute(
                        cursor, str_statement, effective_parameters, context
                    )

/home/camilocf/.local/lib/python3.10/site-packages/sqlalchemy/engine/base.py:1960: 
_ _ _ _ _ _ _ _ _ _ _ _ _ _ _ _ _ _ _ _ _ _ _ _ _ _ _ _ _ _ _ _ _ _ _ _ _ _ _ _ 
/home/camilocf/.local/lib/python3.10/site-packages/sqlalchemy/engine/default.py:924: in do_execute
    cursor.execute(statement, parameters)
/home/camilocf/.local/lib/python3.10/site-packages/sqlalchemy/dialects/sqlite/aiosqlite.py:146: in execute
    self._adapt_connection._handle_exception(error)
/home/camilocf/.local/lib/python3.10/site-packages/sqlalchemy/dialects/sqlite/aiosqlite.py:298: in _handle_exception
    raise error
/home/camilocf/.local/lib/python3.10/site-packages/sqlalchemy/dialects/sqlite/aiosqlite.py:128: in execute
    self.await_(_cursor.execute(operation, parameters))
/home/camilocf/.local/lib/python3.10/site-packages/sqlalchemy/util/_concurrency_py3k.py:127: in await_only
    return current.driver.switch(awaitable)  # type: ignore[no-any-return]
/home/camilocf/.local/lib/python3.10/site-packages/sqlalchemy/util/_concurrency_py3k.py:192: in greenlet_spawn
    value = await result
/home/camilocf/.local/lib/python3.10/site-packages/aiosqlite/cursor.py:40: in execute
    await self._execute(self._cursor.execute, sql, parameters)
/home/camilocf/.local/lib/python3.10/site-packages/aiosqlite/cursor.py:32: in _execute
    return await self._conn._execute(fn, *args, **kwargs)
/home/camilocf/.local/lib/python3.10/site-packages/aiosqlite/core.py:160: in _execute
    return await future
_ _ _ _ _ _ _ _ _ _ _ _ _ _ _ _ _ _ _ _ _ _ _ _ _ _ _ _ _ _ _ _ _ _ _ _ _ _ _ _ 

tx = <_queue.SimpleQueue object at 0x7cdb31510a90>

    def _connection_worker_thread(tx: _TxQueue):
        """
        Execute function calls on a separate thread.
    
        :meta private:
        """
        while True:
            # Continues running until all queue items are processed,
            # even after connection is closed (so we can finalize all
            # futures)
    
            future, function = tx.get()
    
            try:
                LOG.debug("executing %s", function)
>               result = function()
E               sqlite3.OperationalError: no such table: users

/home/camilocf/.local/lib/python3.10/site-packages/aiosqlite/core.py:63: OperationalError

The above exception was the direct cause of the following exception:

client = <httpx.AsyncClient object at 0x7cdb31fe5990>
db = <sqlalchemy.ext.asyncio.session.AsyncSession object at 0x7cdb31f2b9a0>

    @pytest.mark.asyncio
    async def test_register_and_login(client: AsyncClient, db: AsyncSession):
        # 1. Register with unique email
        import uuid
        email = f"auth_test_{uuid.uuid4().hex[:8]}@example.com"
        reg_data = {"username": email, "password": "password123"}
>       response = await client.post("/auth/register", json=reg_data)

tests/test_auth.py:13: 
_ _ _ _ _ _ _ _ _ _ _ _ _ _ _ _ _ _ _ _ _ _ _ _ _ _ _ _ _ _ _ _ _ _ _ _ _ _ _ _ 
/home/camilocf/.local/lib/python3.10/site-packages/httpx/_client.py:1877: in post
    return await self.request(
/home/camilocf/.local/lib/python3.10/site-packages/httpx/_client.py:1559: in request
    return await self.send(request, auth=auth, follow_redirects=follow_redirects)
/home/camilocf/.local/lib/python3.10/site-packages/httpx/_client.py:1646: in send
    response = await self._send_handling_auth(
/home/camilocf/.local/lib/python3.10/site-packages/httpx/_client.py:1674: in _send_handling_auth
    response = await self._send_handling_redirects(
/home/camilocf/.local/lib/python3.10/site-packages/httpx/_client.py:1711: in _send_handling_redirects
    response = await self._send_single_request(request)
/home/camilocf/.local/lib/python3.10/site-packages/httpx/_client.py:1748: in _send_single_request
    response = await transport.handle_async_request(request)
/home/camilocf/.local/lib/python3.10/site-packages/httpx/_transports/asgi.py:162: in handle_async_request
    await self.app(scope, receive, send)
/home/camilocf/.local/lib/python3.10/site-packages/fastapi/applications.py:1054: in __call__
    await super().__call__(scope, receive, send)
/home/camilocf/.local/lib/python3.10/site-packages/starlette/applications.py:123: in __call__
    await self.middleware_stack(scope, receive, send)
/home/camilocf/.local/lib/python3.10/site-packages/starlette/middleware/errors.py:186: in __call__
    raise exc
/home/camilocf/.local/lib/python3.10/site-packages/starlette/middleware/errors.py:164: in __call__
    await self.app(scope, receive, _send)
/home/camilocf/.local/lib/python3.10/site-packages/starlette/middleware/cors.py:83: in __call__
    await self.app(scope, receive, send)
/home/camilocf/.local/lib/python3.10/site-packages/starlette/middleware/exceptions.py:62: in __call__
    await wrap_app_handling_exceptions(self.app, conn)(scope, receive, send)
/home/camilocf/.local/lib/python3.10/site-packages/starlette/_exception_handler.py:64: in wrapped_app
    raise exc
/home/camilocf/.local/lib/python3.10/site-packages/starlette/_exception_handler.py:53: in wrapped_app
    await app(scope, receive, sender)
/home/camilocf/.local/lib/python3.10/site-packages/starlette/routing.py:758: in __call__
    await self.middleware_stack(scope, receive, send)
/home/camilocf/.local/lib/python3.10/site-packages/starlette/routing.py:778: in app
    await route.handle(scope, receive, send)
/home/camilocf/.local/lib/python3.10/site-packages/starlette/routing.py:299: in handle
    await self.app(scope, receive, send)
/home/camilocf/.local/lib/python3.10/site-packages/starlette/routing.py:79: in app
    await wrap_app_handling_exceptions(app, request)(scope, receive, send)
/home/camilocf/.local/lib/python3.10/site-packages/starlette/_exception_handler.py:64: in wrapped_app
    raise exc
/home/camilocf/.local/lib/python3.10/site-packages/starlette/_exception_handler.py:53: in wrapped_app
    await app(scope, receive, sender)
/home/camilocf/.local/lib/python3.10/site-packages/starlette/routing.py:74: in app
    response = await func(request)
/home/camilocf/.local/lib/python3.10/site-packages/fastapi/routing.py:299: in app
    raise e
/home/camilocf/.local/lib/python3.10/site-packages/fastapi/routing.py:294: in app
    raw_response = await run_endpoint_function(
/home/camilocf/.local/lib/python3.10/site-packages/fastapi/routing.py:191: in run_endpoint_function
    return await dependant.call(**values)
app/api/routes/auth.py:76: in register
    result = await db.execute(select(User).where(User.email == credentials.username))
/home/camilocf/.local/lib/python3.10/site-packages/sqlalchemy/ext/asyncio/session.py:452: in execute
    result = await greenlet_spawn(
/home/camilocf/.local/lib/python3.10/site-packages/sqlalchemy/util/_concurrency_py3k.py:197: in greenlet_spawn
    result = context.throw(*sys.exc_info())
/home/camilocf/.local/lib/python3.10/site-packages/sqlalchemy/orm/session.py:2306: in execute
    return self._execute_internal(
/home/camilocf/.local/lib/python3.10/site-packages/sqlalchemy/orm/session.py:2191: in _execute_internal
    result: Result[Any] = compile_state_cls.orm_execute_statement(
/home/camilocf/.local/lib/python3.10/site-packages/sqlalchemy/orm/context.py:293: in orm_execute_statement
    result = conn.execute(
/home/camilocf/.local/lib/python3.10/site-packages/sqlalchemy/engine/base.py:1408: in execute
    return meth(
/home/camilocf/.local/lib/python3.10/site-packages/sqlalchemy/sql/elements.py:513: in _execute_on_connection
    return connection._execute_clauseelement(
/home/camilocf/.local/lib/python3.10/site-packages/sqlalchemy/engine/base.py:1630: in _execute_clauseelement
    ret = self._execute_context(
/home/camilocf/.local/lib/python3.10/site-packages/sqlalchemy/engine/base.py:1839: in _execute_context
    return self._exec_single_context(
/home/camilocf/.local/lib/python3.10/site-packages/sqlalchemy/engine/base.py:1979: in _exec_single_context
    self._handle_dbapi_exception(
/home/camilocf/.local/lib/python3.10/site-packages/sqlalchemy/engine/base.py:2335: in _handle_dbapi_exception
    raise sqlalchemy_exception.with_traceback(exc_info[2]) from e
/home/camilocf/.local/lib/python3.10/site-packages/sqlalchemy/engine/base.py:1960: in _exec_single_context
    self.dialect.do_execute(
/home/camilocf/.local/lib/python3.10/site-packages/sqlalchemy/engine/default.py:924: in do_execute
    cursor.execute(statement, parameters)
/home/camilocf/.local/lib/python3.10/site-packages/sqlalchemy/dialects/sqlite/aiosqlite.py:146: in execute
    self._adapt_connection._handle_exception(error)
/home/camilocf/.local/lib/python3.10/site-packages/sqlalchemy/dialects/sqlite/aiosqlite.py:298: in _handle_exception
    raise error
/home/camilocf/.local/lib/python3.10/site-packages/sqlalchemy/dialects/sqlite/aiosqlite.py:128: in execute
    self.await_(_cursor.execute(operation, parameters))
/home/camilocf/.local/lib/python3.10/site-packages/sqlalchemy/util/_concurrency_py3k.py:127: in await_only
    return current.driver.switch(awaitable)  # type: ignore[no-any-return]
/home/camilocf/.local/lib/python3.10/site-packages/sqlalchemy/util/_concurrency_py3k.py:192: in greenlet_spawn
    value = await result
/home/camilocf/.local/lib/python3.10/site-packages/aiosqlite/cursor.py:40: in execute
    await self._execute(self._cursor.execute, sql, parameters)
/home/camilocf/.local/lib/python3.10/site-packages/aiosqlite/cursor.py:32: in _execute
    return await self._conn._execute(fn, *args, **kwargs)
/home/camilocf/.local/lib/python3.10/site-packages/aiosqlite/core.py:160: in _execute
    return await future
_ _ _ _ _ _ _ _ _ _ _ _ _ _ _ _ _ _ _ _ _ _ _ _ _ _ _ _ _ _ _ _ _ _ _ _ _ _ _ _ 

tx = <_queue.SimpleQueue object at 0x7cdb31510a90>

    def _connection_worker_thread(tx: _TxQueue):
        """
        Execute function calls on a separate thread.
    
        :meta private:
        """
        while True:
            # Continues running until all queue items are processed,
            # even after connection is closed (so we can finalize all
            # futures)
    
            future, function = tx.get()
    
            try:
                LOG.debug("executing %s", function)
>               result = function()
E               sqlalchemy.exc.OperationalError: (sqlite3.OperationalError) no such table: users
E               [SQL: SELECT users.id, users.email, users.hashed_password, users.full_name, users.bio, users.dietary_preferences, users.role, users.is_active, users.profile_image_id 
E               FROM users 
E               WHERE users.email = ?]
E               [parameters: ('auth_test_8044e423@example.com',)]
E               (Background on this error at: https://sqlalche.me/e/20/e3q8)

/home/camilocf/.local/lib/python3.10/site-packages/aiosqlite/core.py:63: OperationalError
=============================== warnings summary ===============================
../../../../../../.local/lib/python3.10/site-packages/pydantic/_internal/_config.py:272
../../../../../../.local/lib/python3.10/site-packages/pydantic/_internal/_config.py:272
  /home/camilocf/.local/lib/python3.10/site-packages/pydantic/_internal/_config.py:272: PydanticDeprecatedSince20: Support for class-based `config` is deprecated, use ConfigDict instead. Deprecated in Pydantic V2.0 to be removed in V3.0. See Pydantic V2 Migration Guide at https://errors.pydantic.dev/2.6/migration/
    warnings.warn(DEPRECATION_MESSAGE, DeprecationWarning)

-- Docs: https://docs.pytest.org/en/stable/how-to/capture-warnings.html
================================ tests coverage ================================
_______________ coverage: platform linux, python 3.10.12-final-0 _______________

Name                              Stmts   Miss  Cover   Missing
---------------------------------------------------------------
app/api/deps.py                       8      4    50%   6-10
app/api/deps_auth.py                 24     12    50%   18-39
app/api/routes/ai.py                 47     27    43%   29-79
app/api/routes/auth.py               99     53    46%   45-58, 77-95, 104-129, 133-134, 142-144, 153-175
app/api/routes/health.py             36     25    31%   14-62
app/api/routes/recipes.py           115     70    39%   44-50, 75-93, 104-108, 121-175, 192-209, 220-239
app/api/routes/uploads.py            77     45    42%   37-68, 73-82, 87-94, 102-121
app/core/circuit_breaker.py          54     34    37%   20-35, 38-54, 57-60, 63-64
app/core/config.py                   24      0   100%
app/core/security.py                 27     17    37%   10, 13, 16-23, 26-33
app/db/base.py                        4      0   100%
app/db/base_class.py                  3      0   100%
app/db/models/recipe.py              22      0   100%
app/db/models/upload.py              11      0   100%
app/db/models/user.py                18      0   100%
app/db/session.py                     7      1    86%   11
app/main.py                          33     11    67%   13-24, 35, 59
app/middleware/logging.py            24     14    42%   22-52
app/services/ai_service.py           46     28    39%   24-37, 46-86
app/services/cost_guard.py           17      7    59%   11-13, 17-20
app/services/storage_service.py     105     62    41%   15, 19, 23, 27, 54-61, 64-78, 81-90, 93, 101-113, 116-117, 121-122, 125-126, 134-135, 138-148, 151-153, 157
---------------------------------------------------------------
TOTAL                               801    410    49%
Coverage HTML written to dir htmlcov
FAIL Required test coverage of 70% not reached. Total coverage: 48.81%
=========================== short test summary info ============================
FAILED tests/test_auth.py::test_register_and_login - sqlalchemy.exc.Operation...
======================== 1 failed, 2 warnings in 1.55s =========================
